2024-08-26 12:10:24,196 [INFO] lua/nvimgdb.lua:30: 	{ "NvimGdb.new",  backend_name = "gdb",  client_cmd = { "gdb", "-q", "-ex", "b 622", "-ex", "run", "-x", "gdb.cmd", "--args", "./build/main" }}
2024-08-26 12:10:24,197 [DEBUG] lua/nvimgdb/app.lua:27: 	{ "App.new",  backend_name = "gdb",  client_cmd = { "gdb", "-q", "-ex", "b 622", "-ex", "run", "-x", "gdb.cmd", "--args", "./build/main" }}
2024-08-26 12:10:24,198 [DEBUG] lua/nvimgdb/config.lua:97: 	{ "Config.new" }
2024-08-26 12:10:24,198 [DEBUG] lua/nvimgdb/config.lua:160: 	{ "Config:_check_keymap_conflicts",  func = "key_step",  key = "<f11>",  key_to_func = {},  verbose = true}
2024-08-26 12:10:24,198 [DEBUG] lua/nvimgdb/config.lua:160: 	{ "Config:_check_keymap_conflicts",  func = "jump_bottom_gdb_buf",  key = true,  key_to_func = {    ["<f11>"] = "key_step"  },  verbose = true}
2024-08-26 12:10:24,198 [DEBUG] lua/nvimgdb/config.lua:160: 	{ "Config:_check_keymap_conflicts",  func = "key_next",  key = "<f10>",  key_to_func = {    ["<f11>"] = "key_step"  },  verbose = true}
2024-08-26 12:10:24,198 [DEBUG] lua/nvimgdb/config.lua:160: 	{ "Config:_check_keymap_conflicts",  func = "sign_breakpoint_priority",  key = 10,  key_to_func = {    ["<f10>"] = "key_next",    ["<f11>"] = "key_step"  },  verbose = true}
2024-08-26 12:10:24,198 [DEBUG] lua/nvimgdb/config.lua:160: 	{ "Config:_check_keymap_conflicts",  func = "key_until",  key = "<f4>",  key_to_func = {    ["<f10>"] = "key_next",    ["<f11>"] = "key_step"  },  verbose = true}
2024-08-26 12:10:24,199 [DEBUG] lua/nvimgdb/config.lua:160: 	{ "Config:_check_keymap_conflicts",  func = "unset_keymaps",  key = <function 1>,  key_to_func = {    ["<f10>"] = "key_next",    ["<f11>"] = "key_step",    ["<f4>"] = "key_until"  },  verbose = true}
2024-08-26 12:10:24,199 [DEBUG] lua/nvimgdb/config.lua:160: 	{ "Config:_check_keymap_conflicts",  func = "sign_current_line",  key = "▶",  key_to_func = {    ["<f10>"] = "key_next",    ["<f11>"] = "key_step",    ["<f4>"] = "key_until"  },  verbose = true}
2024-08-26 12:10:24,199 [DEBUG] lua/nvimgdb/config.lua:160: 	{ "Config:_check_keymap_conflicts",  func = "sign_breakpoint",  key = { "●", "●²", "●³", "●⁴", "●⁵", "●⁶", "●⁷", "●⁸", "●⁹", "●ⁿ" },  key_to_func = {    ["<f10>"] = "key_next",    ["<f11>"] = "key_step",    ["<f4>"] = "key_until"  },  verbose = true}
2024-08-26 12:10:24,199 [DEBUG] lua/nvimgdb/config.lua:160: 	{ "Config:_check_keymap_conflicts",  func = "termwin_command",  key = "belowright new",  key_to_func = {    ["<f10>"] = "key_next",    ["<f11>"] = "key_step",    ["<f4>"] = "key_until"  },  verbose = true}
2024-08-26 12:10:24,199 [DEBUG] lua/nvimgdb/config.lua:160: 	{ "Config:_check_keymap_conflicts",  func = "key_continue",  key = "<f5>",  key_to_func = {    ["<f10>"] = "key_next",    ["<f11>"] = "key_step",    ["<f4>"] = "key_until"  },  verbose = true}
2024-08-26 12:10:24,199 [DEBUG] lua/nvimgdb/config.lua:160: 	{ "Config:_check_keymap_conflicts",  func = "set_scroll_off",  key = 5,  key_to_func = {    ["<f10>"] = "key_next",    ["<f11>"] = "key_step",    ["<f4>"] = "key_until",    ["<f5>"] = "key_continue"  },  verbose = true}
2024-08-26 12:10:24,199 [DEBUG] lua/nvimgdb/config.lua:160: 	{ "Config:_check_keymap_conflicts",  func = "key_eval",  key = "<f9>",  key_to_func = {    ["<f10>"] = "key_next",    ["<f11>"] = "key_step",    ["<f4>"] = "key_until",    ["<f5>"] = "key_continue"  },  verbose = true}
2024-08-26 12:10:24,200 [DEBUG] lua/nvimgdb/config.lua:160: 	{ "Config:_check_keymap_conflicts",  func = "key_framedown",  key = "<c-n>",  key_to_func = {    ["<f10>"] = "key_next",    ["<f11>"] = "key_step",    ["<f4>"] = "key_until",    ["<f5>"] = "key_continue",    ["<f9>"] = "key_eval"  },  verbose = true}
2024-08-26 12:10:24,200 [DEBUG] lua/nvimgdb/config.lua:160: 	{ "Config:_check_keymap_conflicts",  func = "key_frameup",  key = "<c-p>",  key_to_func = {    ["<c-n>"] = "key_framedown",    ["<f10>"] = "key_next",    ["<f11>"] = "key_step",    ["<f4>"] = "key_until",    ["<f5>"] = "key_continue",    ["<f9>"] = "key_eval"  },  verbose = true}
2024-08-26 12:10:24,200 [DEBUG] lua/nvimgdb/config.lua:160: 	{ "Config:_check_keymap_conflicts",  func = "codewin_command",  key = "new",  key_to_func = {    ["<c-n>"] = "key_framedown",    ["<c-p>"] = "key_frameup",    ["<f10>"] = "key_next",    ["<f11>"] = "key_step",    ["<f4>"] = "key_until",    ["<f5>"] = "key_continue",    ["<f9>"] = "key_eval"  },  verbose = true}
2024-08-26 12:10:24,200 [DEBUG] lua/nvimgdb/config.lua:160: 	{ "Config:_check_keymap_conflicts",  func = "sticky_dbg_buf",  key = true,  key_to_func = {    ["<c-n>"] = "key_framedown",    ["<c-p>"] = "key_frameup",    ["<f10>"] = "key_next",    ["<f11>"] = "key_step",    ["<f4>"] = "key_until",    ["<f5>"] = "key_continue",    ["<f9>"] = "key_eval"  },  verbose = true}
2024-08-26 12:10:24,200 [DEBUG] lua/nvimgdb/config.lua:160: 	{ "Config:_check_keymap_conflicts",  func = "key_breakpoint",  key = "<f8>",  key_to_func = {    ["<c-n>"] = "key_framedown",    ["<c-p>"] = "key_frameup",    ["<f10>"] = "key_next",    ["<f11>"] = "key_step",    ["<f4>"] = "key_until",    ["<f5>"] = "key_continue",    ["<f9>"] = "key_eval"  },  verbose = true}
2024-08-26 12:10:24,200 [DEBUG] lua/nvimgdb/config.lua:160: 	{ "Config:_check_keymap_conflicts",  func = "key_finish",  key = "<f12>",  key_to_func = {    ["<c-n>"] = "key_framedown",    ["<c-p>"] = "key_frameup",    ["<f10>"] = "key_next",    ["<f11>"] = "key_step",    ["<f4>"] = "key_until",    ["<f5>"] = "key_continue",    ["<f8>"] = "key_breakpoint",    ["<f9>"] = "key_eval"  },  verbose = true}
2024-08-26 12:10:24,201 [DEBUG] lua/nvimgdb/config.lua:160: 	{ "Config:_check_keymap_conflicts",  func = "set_keymaps",  key = <function 1>,  key_to_func = {    ["<c-n>"] = "key_framedown",    ["<c-p>"] = "key_frameup",    ["<f10>"] = "key_next",    ["<f11>"] = "key_step",    ["<f12>"] = "key_finish",    ["<f4>"] = "key_until",    ["<f5>"] = "key_continue",    ["<f8>"] = "key_breakpoint",    ["<f9>"] = "key_eval"  },  verbose = true}
2024-08-26 12:10:24,201 [DEBUG] lua/nvimgdb/config.lua:160: 	{ "Config:_check_keymap_conflicts",  func = "set_tkeymaps",  key = <function 1>,  key_to_func = {    ["<c-n>"] = "key_framedown",    ["<c-p>"] = "key_frameup",    ["<f10>"] = "key_next",    ["<f11>"] = "key_step",    ["<f12>"] = "key_finish",    ["<f4>"] = "key_until",    ["<f5>"] = "key_continue",    ["<f8>"] = "key_breakpoint",    ["<f9>"] = "key_eval"  },  verbose = true}
2024-08-26 12:10:24,201 [DEBUG] lua/nvimgdb/config.lua:127: 	{ "Config:_apply_overrides",  key_to_func = {    ["<c-n>"] = "key_framedown",    ["<c-p>"] = "key_frameup",    ["<f10>"] = "key_next",    ["<f11>"] = "key_step",    ["<f12>"] = "key_finish",    ["<f4>"] = "key_until",    ["<f5>"] = "key_continue",    ["<f8>"] = "key_breakpoint",    ["<f9>"] = "key_eval"  }}
2024-08-26 12:10:24,201 [DEBUG] lua/nvimgdb/config.lua:160: 	{ "Config:_check_keymap_conflicts",  func = "set_scroll_off",  key = 20,  key_to_func = {    ["<c-n>"] = "key_framedown",    ["<c-p>"] = "key_frameup",    ["<f10>"] = "key_next",    ["<f11>"] = "key_step",    ["<f12>"] = "key_finish",    ["<f4>"] = "key_until",    ["<f5>"] = "key_continue",    ["<f8>"] = "key_breakpoint",    ["<f9>"] = "key_eval"  },  verbose = true}
2024-08-26 12:10:24,201 [DEBUG] lua/nvimgdb/config.lua:160: 	{ "Config:_check_keymap_conflicts",  func = "jump_bottom_gdb_buf",  key = false,  key_to_func = {    ["<c-n>"] = "key_framedown",    ["<c-p>"] = "key_frameup",    ["<f10>"] = "key_next",    ["<f11>"] = "key_step",    ["<f12>"] = "key_finish",    ["<f4>"] = "key_until",    ["<f5>"] = "key_continue",    ["<f8>"] = "key_breakpoint",    ["<f9>"] = "key_eval"  },  verbose = true}
2024-08-26 12:10:24,201 [DEBUG] lua/nvimgdb/config.lua:177: 	{ "Config:_define_signs" }
2024-08-26 12:10:24,201 [INFO] lua/nvimgdb/config.lua:120: 	{ "Resolved configuration", {    codewin_command = "new",    jump_bottom_gdb_buf = false,    key_breakpoint = "<f8>",    key_continue = "<f5>",    key_eval = "<f9>",    key_finish = "<f12>",    key_framedown = "<c-n>",    key_frameup = "<c-p>",    key_next = "<f10>",    key_step = "<f11>",    key_until = "<f4>",    set_keymaps = <function 1>,    set_scroll_off = 20,    set_tkeymaps = <function 2>,    sign_breakpoint = { "●", "●²", "●³", "●⁴", "●⁵", "●⁶", "●⁷", "●⁸", "●⁹", "●ⁿ" },    sign_breakpoint_priority = 10,    sign_current_line = "▶",    sticky_dbg_buf = true,    termwin_command = "belowright new",    unset_keymaps = <function 3>  } }
2024-08-26 12:10:24,202 [DEBUG] lua/nvimgdb/client.lua:28: 	{ "Client.new",  client_cmd = { "gdb", "-q", "-ex", "b 622", "-ex", "run", "-x", "gdb.cmd", "--args", "./build/main" }}
2024-08-26 12:10:24,202 [DEBUG] lua/nvimgdb/config.lua:190: 	{ "Config:get",  key = "termwin_command"}
2024-08-26 12:10:24,202 [INFO] lua/nvimgdb/client.lua:31: 	"termwin_command"	"belowright new"
2024-08-26 12:10:24,202 [DEBUG] lua/nvimgdb/config.lua:190: 	{ "Config:get",  key = "termwin_command"}
2024-08-26 12:10:24,206 [INFO] lua/nvimgdb/client.lua:43: 	{ "Debugger command", { "gdb", "-ix", "/tmp/nvimgdb-AATnnS/gdb_init", "-q", "-ex", "b 622", "-ex", "run", "-x", "gdb.cmd", "--args", "./build/main" } }
2024-08-26 12:10:24,208 [DEBUG] lua/nvimgdb/proxy.lua:22: 	{ "Proxy.new" }
2024-08-26 12:10:24,208 [DEBUG] lua/nvimgdb/client.lua:187: 	{ "Client:get_proxy_addr" }
2024-08-26 12:10:24,209 [DEBUG] lua/nvimgdb/breakpoint.lua:24: 	{ "Breakpoint.new",  query_impl = <function 1>}
2024-08-26 12:10:24,209 [DEBUG] lua/nvimgdb/keymaps.lua:14: 	{ "Keymaps.new" }
2024-08-26 12:10:24,209 [DEBUG] lua/nvimgdb/cursor.lua:18: 	{ "Cursor.new" }
2024-08-26 12:10:24,209 [DEBUG] lua/nvimgdb/win.lua:27: 	{ "Win.new",  edited_buf = 3,  start_win = 1002}
2024-08-26 12:10:24,209 [DEBUG] lua/nvimgdb/win.lua:126: 	{ "Win:_ensure_jump_window" }
2024-08-26 12:10:24,209 [DEBUG] lua/nvimgdb/win.lua:73: 	{ "Win:_has_jump_win" }
2024-08-26 12:10:24,209 [DEBUG] lua/nvimgdb/parser_actions.lua:17: 	{ "ParserActions.new" }
2024-08-26 12:10:24,209 [DEBUG] lua/nvimgdb/parser_impl.lua:22: 	{ "ParserImpl:_init" }
2024-08-26 12:10:24,209 [DEBUG] lua/nvimgdb/parser_impl.lua:57: 	{ "ParserImpl.add_trans",  handler = <function 1>,  matcher = "[\r\n]Continuing%.",  state = {}}
2024-08-26 12:10:24,209 [DEBUG] lua/nvimgdb/parser_impl.lua:57: 	{ "ParserImpl.add_trans",  handler = <function 1>,  matcher = "[\r\n]Starting program:",  state = { {      handler = <function 1>,      matcher = "[\r\n]Continuing%."    } }}
2024-08-26 12:10:24,210 [DEBUG] lua/nvimgdb/parser_impl.lua:57: 	{ "ParserImpl.add_trans",  handler = <function 1>,  matcher = "$",  state = { {      handler = <function 2>,      matcher = "[\r\n]Continuing%."    }, {      handler = <function 2>,      matcher = "[\r\n]Starting program:"    } }}
2024-08-26 12:10:24,210 [DEBUG] lua/nvimgdb/parser_impl.lua:57: 	{ "ParserImpl.add_trans",  handler = <function 1>,  matcher = "$",  state = {}}
2024-08-26 12:10:24,210 [INFO] lua/nvimgdb.lua:33: 	{ "Tabpage", 1 }
2024-08-26 12:10:24,210 [INFO] lua/nvimgdb.lua:154: 	{ "NvimGdb.global_init" }
2024-08-26 12:10:24,210 [DEBUG] lua/nvimgdb/app.lua:107: 	{ "App:postinit" }
2024-08-26 12:10:24,210 [DEBUG] lua/nvimgdb/client.lua:87: 	{ "Client:start" }
2024-08-26 12:10:24,217 [DEBUG] lua/nvimgdb/config.lua:199: 	{ "Config:get_or",  key = "sticky_dbg_buf",  val = true}
2024-08-26 12:10:24,217 [DEBUG] lua/nvimgdb/config.lua:190: 	{ "Config:get",  key = "sticky_dbg_buf"}
2024-08-26 12:10:24,217 [DEBUG] lua/nvimgdb/keymaps.lua:117: 	{ "Keymaps:dispatch_set_t" }
2024-08-26 12:10:24,217 [DEBUG] lua/nvimgdb/keymaps.lua:97: 	{ "Keymaps:_dispatch",  key = "set_tkeymaps"}
2024-08-26 12:10:24,217 [DEBUG] lua/nvimgdb/config.lua:199: 	{ "Config:get_or",  key = "set_tkeymaps",  val = <function 1>}
2024-08-26 12:10:24,217 [DEBUG] lua/nvimgdb/config.lua:190: 	{ "Config:get",  key = "set_tkeymaps"}
2024-08-26 12:10:24,217 [DEBUG] lua/nvimgdb/keymaps.lua:82: 	{ "Keymaps:set_t" }
2024-08-26 12:10:24,217 [DEBUG] lua/nvimgdb/config.lua:190: 	{ "Config:get",  key = "key_until"}
2024-08-26 12:10:24,217 [DEBUG] lua/nvimgdb/config.lua:190: 	{ "Config:get",  key = "key_continue"}
2024-08-26 12:10:24,217 [DEBUG] lua/nvimgdb/config.lua:190: 	{ "Config:get",  key = "key_next"}
2024-08-26 12:10:24,217 [DEBUG] lua/nvimgdb/config.lua:190: 	{ "Config:get",  key = "key_step"}
2024-08-26 12:10:24,217 [DEBUG] lua/nvimgdb/config.lua:190: 	{ "Config:get",  key = "key_finish"}
2024-08-26 12:10:24,217 [DEBUG] lua/nvimgdb/config.lua:190: 	{ "Config:get",  key = "key_quit"}
2024-08-26 12:10:24,217 [DEBUG] lua/nvimgdb/keymaps.lua:105: 	{ "Keymaps:dispatch_set" }
2024-08-26 12:10:24,217 [DEBUG] lua/nvimgdb/keymaps.lua:97: 	{ "Keymaps:_dispatch",  key = "set_keymaps"}
2024-08-26 12:10:24,217 [DEBUG] lua/nvimgdb/config.lua:199: 	{ "Config:get_or",  key = "set_keymaps",  val = <function 1>}
2024-08-26 12:10:24,217 [DEBUG] lua/nvimgdb/config.lua:190: 	{ "Config:get",  key = "set_keymaps"}
2024-08-26 12:10:24,217 [DEBUG] lua/nvimgdb/keymaps.lua:44: 	{ "Keymaps:set" }
2024-08-26 12:10:24,217 [DEBUG] lua/nvimgdb/config.lua:190: 	{ "Config:get",  key = "key_until"}
2024-08-26 12:10:24,217 [DEBUG] lua/nvimgdb/config.lua:190: 	{ "Config:get",  key = "key_continue"}
2024-08-26 12:10:24,217 [DEBUG] lua/nvimgdb/config.lua:190: 	{ "Config:get",  key = "key_next"}
2024-08-26 12:10:24,217 [DEBUG] lua/nvimgdb/config.lua:190: 	{ "Config:get",  key = "key_step"}
2024-08-26 12:10:24,217 [DEBUG] lua/nvimgdb/config.lua:190: 	{ "Config:get",  key = "key_finish"}
2024-08-26 12:10:24,217 [DEBUG] lua/nvimgdb/config.lua:190: 	{ "Config:get",  key = "key_breakpoint"}
2024-08-26 12:10:24,217 [DEBUG] lua/nvimgdb/config.lua:190: 	{ "Config:get",  key = "key_frameup"}
2024-08-26 12:10:24,217 [DEBUG] lua/nvimgdb/config.lua:190: 	{ "Config:get",  key = "key_framedown"}
2024-08-26 12:10:24,217 [DEBUG] lua/nvimgdb/config.lua:190: 	{ "Config:get",  key = "key_eval"}
2024-08-26 12:10:24,217 [DEBUG] lua/nvimgdb/config.lua:190: 	{ "Config:get",  key = "key_eval"}
2024-08-26 12:10:24,217 [DEBUG] lua/nvimgdb/config.lua:190: 	{ "Config:get",  key = "key_quit"}
2024-08-26 12:10:24,291 [DEBUG] lua/nvimgdb/parser_impl.lua:134: 	{ "ParserImpl:feed",  line = { "Reading symbols from \27[32m./build/main\27[m...\r", "" }}
2024-08-26 12:10:24,291 [DEBUG] lua/nvimgdb/parser_impl.lua:147: 	{ "buffer", "\nReading symbols from ./build/main...\r" }
2024-08-26 12:10:24,291 [DEBUG] lua/nvimgdb/parser_impl.lua:147: 	{ "buffer", "\nReading symbols from ./build/main...\r\n" }
2024-08-26 12:10:24,291 [DEBUG] lua/nvimgdb/parser_impl.lua:156: 	{ "ParserImpl:_delay_parsing",  byte_count = 39,  delay_ms = 50}
2024-08-26 12:10:24,292 [DEBUG] lua/nvimgdb/parser_impl.lua:134: 	{ "ParserImpl:feed",  line = { "Breakpoint 1 at \27[34m0x2469\27[m: file \27[32msrc/main.c\27[m, line 622.\r", "" }}
2024-08-26 12:10:24,292 [DEBUG] lua/nvimgdb/parser_impl.lua:147: 	{ "buffer", "\nReading symbols from ./build/main...\r\nBreakpoint 1 at 0x2469: file src/main.c, line 622.\r" }
2024-08-26 12:10:24,292 [DEBUG] lua/nvimgdb/parser_impl.lua:147: 	{ "buffer", "\nReading symbols from ./build/main...\r\nBreakpoint 1 at 0x2469: file src/main.c, line 622.\r\n" }
2024-08-26 12:10:24,292 [DEBUG] lua/nvimgdb/parser_impl.lua:156: 	{ "ParserImpl:_delay_parsing",  byte_count = 91,  delay_ms = 50}
2024-08-26 12:10:24,292 [DEBUG] lua/nvimgdb/parser_impl.lua:134: 	{ "ParserImpl:feed",  line = { "Starting program: \27[32m/home/rolf/Dropbox/work/rolfworld/programming/projects/neo_note/build/main\27[m \r", "" }}
2024-08-26 12:10:24,292 [DEBUG] lua/nvimgdb/parser_impl.lua:147: 	{ "buffer", "\nReading symbols from ./build/main...\r\nBreakpoint 1 at 0x2469: file src/main.c, line 622.\r\nStarting program: /home/rolf/Dropbox/work/rolfworld/programming/projects/neo_note/build/main \r" }
2024-08-26 12:10:24,292 [DEBUG] lua/nvimgdb/parser_impl.lua:147: 	{ "buffer", "\nReading symbols from ./build/main...\r\nBreakpoint 1 at 0x2469: file src/main.c, line 622.\r\nStarting program: /home/rolf/Dropbox/work/rolfworld/programming/projects/neo_note/build/main \r\n" }
2024-08-26 12:10:24,292 [DEBUG] lua/nvimgdb/parser_impl.lua:156: 	{ "ParserImpl:_delay_parsing",  byte_count = 186,  delay_ms = 50}
2024-08-26 12:10:24,298 [DEBUG] lua/nvimgdb/parser_impl.lua:134: 	{ "ParserImpl:feed",  line = { "\r", "This GDB supports auto-downloading debuginfo from the following URLs:\r", "  <\27[32mhttps://debuginfod.archlinux.org\27[m>\r", "Debuginfod has been disabled." }}
2024-08-26 12:10:24,298 [DEBUG] lua/nvimgdb/parser_impl.lua:147: 	{ "buffer", "\nReading symbols from ./build/main...\r\nBreakpoint 1 at 0x2469: file src/main.c, line 622.\r\nStarting program: /home/rolf/Dropbox/work/rolfworld/programming/projects/neo_note/build/main \r\n\r" }
2024-08-26 12:10:24,298 [DEBUG] lua/nvimgdb/parser_impl.lua:147: 	{ "buffer", "\nReading symbols from ./build/main...\r\nBreakpoint 1 at 0x2469: file src/main.c, line 622.\r\nStarting program: /home/rolf/Dropbox/work/rolfworld/programming/projects/neo_note/build/main \r\n\r\nThis GDB supports auto-downloading debuginfo from the following URLs:\r" }
2024-08-26 12:10:24,299 [DEBUG] lua/nvimgdb/parser_impl.lua:147: 	{ "buffer", "\nReading symbols from ./build/main...\r\nBreakpoint 1 at 0x2469: file src/main.c, line 622.\r\nStarting program: /home/rolf/Dropbox/work/rolfworld/programming/projects/neo_note/build/main \r\n\r\nThis GDB supports auto-downloading debuginfo from the following URLs:\r\n  <https://debuginfod.archlinux.org>\r" }
2024-08-26 12:10:24,299 [DEBUG] lua/nvimgdb/parser_impl.lua:147: 	{ "buffer", "\nReading symbols from ./build/main...\r\nBreakpoint 1 at 0x2469: file src/main.c, line 622.\r\nStarting program: /home/rolf/Dropbox/work/rolfworld/programming/projects/neo_note/build/main \r\n\r\nThis GDB supports auto-downloading debuginfo from the following URLs:\r\n  <https://debuginfod.archlinux.org>\r\nDebuginfod has been disabled." }
2024-08-26 12:10:24,299 [DEBUG] lua/nvimgdb/parser_impl.lua:156: 	{ "ParserImpl:_delay_parsing",  byte_count = 326,  delay_ms = 50}
2024-08-26 12:10:24,299 [DEBUG] lua/nvimgdb/parser_impl.lua:134: 	{ "ParserImpl:feed",  line = { "\r", "To make this setting permanent, add 'set debuginfod enabled off' to .gdbinit.\r", "" }}
2024-08-26 12:10:24,299 [DEBUG] lua/nvimgdb/parser_impl.lua:147: 	{ "buffer", "\nReading symbols from ./build/main...\r\nBreakpoint 1 at 0x2469: file src/main.c, line 622.\r\nStarting program: /home/rolf/Dropbox/work/rolfworld/programming/projects/neo_note/build/main \r\n\r\nThis GDB supports auto-downloading debuginfo from the following URLs:\r\n  <https://debuginfod.archlinux.org>\r\nDebuginfod has been disabled.\r" }
2024-08-26 12:10:24,299 [DEBUG] lua/nvimgdb/parser_impl.lua:147: 	{ "buffer", "\nReading symbols from ./build/main...\r\nBreakpoint 1 at 0x2469: file src/main.c, line 622.\r\nStarting program: /home/rolf/Dropbox/work/rolfworld/programming/projects/neo_note/build/main \r\n\r\nThis GDB supports auto-downloading debuginfo from the following URLs:\r\n  <https://debuginfod.archlinux.org>\r\nDebuginfod has been disabled.\r\nTo make this setting permanent, add 'set debuginfod enabled off' to .gdbinit.\r" }
2024-08-26 12:10:24,299 [DEBUG] lua/nvimgdb/parser_impl.lua:147: 	{ "buffer", "\nReading symbols from ./build/main...\r\nBreakpoint 1 at 0x2469: file src/main.c, line 622.\r\nStarting program: /home/rolf/Dropbox/work/rolfworld/programming/projects/neo_note/build/main \r\n\r\nThis GDB supports auto-downloading debuginfo from the following URLs:\r\n  <https://debuginfod.archlinux.org>\r\nDebuginfod has been disabled.\r\nTo make this setting permanent, add 'set debuginfod enabled off' to .gdbinit.\r\n" }
2024-08-26 12:10:24,299 [DEBUG] lua/nvimgdb/parser_impl.lua:156: 	{ "ParserImpl:_delay_parsing",  byte_count = 407,  delay_ms = 50}
2024-08-26 12:10:24,305 [DEBUG] lua/nvimgdb/parser_impl.lua:134: 	{ "ParserImpl:feed",  line = { "[Thread debugging using libthread_db enabled]\r", "" }}
2024-08-26 12:10:24,305 [DEBUG] lua/nvimgdb/parser_impl.lua:147: 	{ "buffer", "\nReading symbols from ./build/main...\r\nBreakpoint 1 at 0x2469: file src/main.c, line 622.\r\nStarting program: /home/rolf/Dropbox/work/rolfworld/programming/projects/neo_note/build/main \r\n\r\nThis GDB supports auto-downloading debuginfo from the following URLs:\r\n  <https://debuginfod.archlinux.org>\r\nDebuginfod has been disabled.\r\nTo make this setting permanent, add 'set debuginfod enabled off' to .gdbinit.\r\n[Thread debugging using libthread_db enabled]\r" }
2024-08-26 12:10:24,305 [DEBUG] lua/nvimgdb/parser_impl.lua:147: 	{ "buffer", "\nReading symbols from ./build/main...\r\nBreakpoint 1 at 0x2469: file src/main.c, line 622.\r\nStarting program: /home/rolf/Dropbox/work/rolfworld/programming/projects/neo_note/build/main \r\n\r\nThis GDB supports auto-downloading debuginfo from the following URLs:\r\n  <https://debuginfod.archlinux.org>\r\nDebuginfod has been disabled.\r\nTo make this setting permanent, add 'set debuginfod enabled off' to .gdbinit.\r\n[Thread debugging using libthread_db enabled]\r\n" }
2024-08-26 12:10:24,305 [DEBUG] lua/nvimgdb/parser_impl.lua:156: 	{ "ParserImpl:_delay_parsing",  byte_count = 454,  delay_ms = 50}
2024-08-26 12:10:24,305 [DEBUG] lua/nvimgdb/parser_impl.lua:134: 	{ "ParserImpl:feed",  line = { 'Using host libthread_db library "\27[32m/usr/lib/libthread_db.so.1\27[m".\r', "" }}
2024-08-26 12:10:24,305 [DEBUG] lua/nvimgdb/parser_impl.lua:147: 	{ "buffer", "\nReading symbols from ./build/main...\r\nBreakpoint 1 at 0x2469: file src/main.c, line 622.\r\nStarting program: /home/rolf/Dropbox/work/rolfworld/programming/projects/neo_note/build/main \r\n\r\nThis GDB supports auto-downloading debuginfo from the following URLs:\r\n  <https://debuginfod.archlinux.org>\r\nDebuginfod has been disabled.\r\nTo make this setting permanent, add 'set debuginfod enabled off' to .gdbinit.\r\n[Thread debugging using libthread_db enabled]\r\nUsing host libthread_db library \"/usr/lib/libthread_db.so.1\".\r" }
2024-08-26 12:10:24,305 [DEBUG] lua/nvimgdb/parser_impl.lua:147: 	{ "buffer", "\nReading symbols from ./build/main...\r\nBreakpoint 1 at 0x2469: file src/main.c, line 622.\r\nStarting program: /home/rolf/Dropbox/work/rolfworld/programming/projects/neo_note/build/main \r\n\r\nThis GDB supports auto-downloading debuginfo from the following URLs:\r\n  <https://debuginfod.archlinux.org>\r\nDebuginfod has been disabled.\r\nTo make this setting permanent, add 'set debuginfod enabled off' to .gdbinit.\r\n[Thread debugging using libthread_db enabled]\r\nUsing host libthread_db library \"/usr/lib/libthread_db.so.1\".\r\n" }
2024-08-26 12:10:24,305 [DEBUG] lua/nvimgdb/parser_impl.lua:156: 	{ "ParserImpl:_delay_parsing",  byte_count = 517,  delay_ms = 50}
2024-08-26 12:10:24,330 [DEBUG] lua/nvimgdb/parser_impl.lua:134: 	{ "ParserImpl:feed",  line = { "\r", "Breakpoint 1, \27[33mmain\27[m () at \27[32msrc/main.c\27[m:622\r", "" }}
2024-08-26 12:10:24,330 [DEBUG] lua/nvimgdb/parser_impl.lua:147: 	{ "buffer", "\nReading symbols from ./build/main...\r\nBreakpoint 1 at 0x2469: file src/main.c, line 622.\r\nStarting program: /home/rolf/Dropbox/work/rolfworld/programming/projects/neo_note/build/main \r\n\r\nThis GDB supports auto-downloading debuginfo from the following URLs:\r\n  <https://debuginfod.archlinux.org>\r\nDebuginfod has been disabled.\r\nTo make this setting permanent, add 'set debuginfod enabled off' to .gdbinit.\r\n[Thread debugging using libthread_db enabled]\r\nUsing host libthread_db library \"/usr/lib/libthread_db.so.1\".\r\n\r" }
2024-08-26 12:10:24,330 [DEBUG] lua/nvimgdb/parser_impl.lua:147: 	{ "buffer", "\nReading symbols from ./build/main...\r\nBreakpoint 1 at 0x2469: file src/main.c, line 622.\r\nStarting program: /home/rolf/Dropbox/work/rolfworld/programming/projects/neo_note/build/main \r\n\r\nThis GDB supports auto-downloading debuginfo from the following URLs:\r\n  <https://debuginfod.archlinux.org>\r\nDebuginfod has been disabled.\r\nTo make this setting permanent, add 'set debuginfod enabled off' to .gdbinit.\r\n[Thread debugging using libthread_db enabled]\r\nUsing host libthread_db library \"/usr/lib/libthread_db.so.1\".\r\n\r\nBreakpoint 1, main () at src/main.c:622\r" }
2024-08-26 12:10:24,330 [DEBUG] lua/nvimgdb/parser_impl.lua:147: 	{ "buffer", "\nReading symbols from ./build/main...\r\nBreakpoint 1 at 0x2469: file src/main.c, line 622.\r\nStarting program: /home/rolf/Dropbox/work/rolfworld/programming/projects/neo_note/build/main \r\n\r\nThis GDB supports auto-downloading debuginfo from the following URLs:\r\n  <https://debuginfod.archlinux.org>\r\nDebuginfod has been disabled.\r\nTo make this setting permanent, add 'set debuginfod enabled off' to .gdbinit.\r\n[Thread debugging using libthread_db enabled]\r\nUsing host libthread_db library \"/usr/lib/libthread_db.so.1\".\r\n\r\nBreakpoint 1, main () at src/main.c:622\r\n" }
2024-08-26 12:10:24,330 [DEBUG] lua/nvimgdb/parser_impl.lua:156: 	{ "ParserImpl:_delay_parsing",  byte_count = 560,  delay_ms = 50}
2024-08-26 12:10:24,330 [DEBUG] lua/nvimgdb/parser_impl.lua:134: 	{ "ParserImpl:feed",  line = { '622\t  \27[01mInitWindow\27[m \27[31m(\27[mscreen_width\27[31m,\27[m screen_height\27[31m,\27[m \27[31m"NeoNote"\27[m\27[31m);\27[m\r', "\27[?2004h(gdb) " }}
2024-08-26 12:10:24,330 [DEBUG] lua/nvimgdb/parser_impl.lua:147: 	{ "buffer", "\nReading symbols from ./build/main...\r\nBreakpoint 1 at 0x2469: file src/main.c, line 622.\r\nStarting program: /home/rolf/Dropbox/work/rolfworld/programming/projects/neo_note/build/main \r\n\r\nThis GDB supports auto-downloading debuginfo from the following URLs:\r\n  <https://debuginfod.archlinux.org>\r\nDebuginfod has been disabled.\r\nTo make this setting permanent, add 'set debuginfod enabled off' to .gdbinit.\r\n[Thread debugging using libthread_db enabled]\r\nUsing host libthread_db library \"/usr/lib/libthread_db.so.1\".\r\n\r\nBreakpoint 1, main () at src/main.c:622\r\n622\t  InitWindow (screen_width, screen_height, \"NeoNote\");\r" }
2024-08-26 12:10:24,331 [DEBUG] lua/nvimgdb/parser_impl.lua:147: 	{ "buffer", "\nReading symbols from ./build/main...\r\nBreakpoint 1 at 0x2469: file src/main.c, line 622.\r\nStarting program: /home/rolf/Dropbox/work/rolfworld/programming/projects/neo_note/build/main \r\n\r\nThis GDB supports auto-downloading debuginfo from the following URLs:\r\n  <https://debuginfod.archlinux.org>\r\nDebuginfod has been disabled.\r\nTo make this setting permanent, add 'set debuginfod enabled off' to .gdbinit.\r\n[Thread debugging using libthread_db enabled]\r\nUsing host libthread_db library \"/usr/lib/libthread_db.so.1\".\r\n\r\nBreakpoint 1, main () at src/main.c:622\r\n622\t  InitWindow (screen_width, screen_height, \"NeoNote\");\r\n(gdb) " }
2024-08-26 12:10:24,331 [DEBUG] lua/nvimgdb/parser_impl.lua:156: 	{ "ParserImpl:_delay_parsing",  byte_count = 626,  delay_ms = 50}
2024-08-26 12:10:24,341 [DEBUG] lua/nvimgdb/parser_impl.lua:202: 	{ "ParserImpl:delay_elapsed",  byte_count = 39}
2024-08-26 12:10:24,341 [DEBUG] lua/nvimgdb/parser_impl.lua:173: 	{ "ParserImpl:_search",  ignore_tail_bytes = 587}
2024-08-26 12:10:24,342 [DEBUG] lua/nvimgdb/parser_impl.lua:202: 	{ "ParserImpl:delay_elapsed",  byte_count = 91}
2024-08-26 12:10:24,342 [DEBUG] lua/nvimgdb/parser_impl.lua:173: 	{ "ParserImpl:_search",  ignore_tail_bytes = 535}
2024-08-26 12:10:24,342 [DEBUG] lua/nvimgdb/parser_impl.lua:202: 	{ "ParserImpl:delay_elapsed",  byte_count = 186}
2024-08-26 12:10:24,342 [DEBUG] lua/nvimgdb/parser_impl.lua:173: 	{ "ParserImpl:_search",  ignore_tail_bytes = 440}
2024-08-26 12:10:24,348 [DEBUG] lua/nvimgdb/parser_impl.lua:202: 	{ "ParserImpl:delay_elapsed",  byte_count = 326}
2024-08-26 12:10:24,349 [DEBUG] lua/nvimgdb/parser_impl.lua:173: 	{ "ParserImpl:_search",  ignore_tail_bytes = 300}
2024-08-26 12:10:24,349 [DEBUG] lua/nvimgdb/parser_impl.lua:202: 	{ "ParserImpl:delay_elapsed",  byte_count = 407}
2024-08-26 12:10:24,349 [DEBUG] lua/nvimgdb/parser_impl.lua:173: 	{ "ParserImpl:_search",  ignore_tail_bytes = 219}
2024-08-26 12:10:24,355 [DEBUG] lua/nvimgdb/parser_impl.lua:202: 	{ "ParserImpl:delay_elapsed",  byte_count = 454}
2024-08-26 12:10:24,355 [DEBUG] lua/nvimgdb/parser_impl.lua:173: 	{ "ParserImpl:_search",  ignore_tail_bytes = 172}
2024-08-26 12:10:24,355 [DEBUG] lua/nvimgdb/parser_impl.lua:202: 	{ "ParserImpl:delay_elapsed",  byte_count = 517}
2024-08-26 12:10:24,355 [DEBUG] lua/nvimgdb/parser_impl.lua:173: 	{ "ParserImpl:_search",  ignore_tail_bytes = 109}
2024-08-26 12:10:24,380 [DEBUG] lua/nvimgdb/parser_impl.lua:202: 	{ "ParserImpl:delay_elapsed",  byte_count = 560}
2024-08-26 12:10:24,380 [DEBUG] lua/nvimgdb/parser_impl.lua:173: 	{ "ParserImpl:_search",  ignore_tail_bytes = 66}
2024-08-26 12:10:24,381 [DEBUG] lua/nvimgdb/parser_impl.lua:202: 	{ "ParserImpl:delay_elapsed",  byte_count = 626}
2024-08-26 12:10:24,381 [DEBUG] lua/nvimgdb/parser_impl.lua:173: 	{ "ParserImpl:_search",  ignore_tail_bytes = 0}
2024-08-26 12:10:24,381 [DEBUG] lua/nvimgdb/parser_impl.lua:77: 	{ "ParserImpl:_get_state_name" }
2024-08-26 12:10:24,381 [DEBUG] lua/nvimgdb/parser_impl.lua:190: 	"prev state: running"
2024-08-26 12:10:24,381 [DEBUG] lua/nvimgdb/backend/gdb.lua:33: 	{ "P:query_paused" }
2024-08-26 12:10:24,381 [INFO] lua/nvimgdb/proxy.lua:107: 	{ "Proxy:query",  request = "get-process-state"}
2024-08-26 12:10:24,381 [DEBUG] lua/nvimgdb/proxy.lua:75: 	{ "function Proxy:_ensure_connected()" }
2024-08-26 12:10:24,381 [DEBUG] lua/nvimgdb/parser_impl.lua:77: 	{ "ParserImpl:_get_state_name" }
2024-08-26 12:10:24,381 [INFO] lua/nvimgdb/parser_impl.lua:192: 	"new state: running"
2024-08-26 12:10:24,381 [DEBUG] lua/nvimgdb/parser_impl.lua:173: 	{ "ParserImpl:_search",  ignore_tail_bytes = 0}
2024-08-26 12:10:24,382 [DEBUG] lua/nvimgdb/backend/gdb.lua:36: 	{ "process state", "stopped" }
2024-08-26 12:10:24,382 [INFO] lua/nvimgdb/proxy.lua:107: 	{ "Proxy:query",  request = "get-current-frame-location"}
2024-08-26 12:10:24,382 [DEBUG] lua/nvimgdb/proxy.lua:75: 	{ "function Proxy:_ensure_connected()" }
2024-08-26 12:10:24,384 [DEBUG] lua/nvimgdb/backend/gdb.lua:39: 	{ "current frame location", { "/home/rolf/Dropbox/work/rolfworld/programming/projects/neo_note/src/main.c", 622 } }
2024-08-26 12:10:24,384 [DEBUG] lua/nvimgdb/parser_actions.lua:35: 	{ "ParserActions:jump_to_source",  fname = "/home/rolf/Dropbox/work/rolfworld/programming/projects/neo_note/src/main.c",  line = 622}
2024-08-26 12:10:24,384 [INFO] lua/nvimgdb/win.lua:184: 	{ "Win:jump",  file = "/home/rolf/Dropbox/work/rolfworld/programming/projects/neo_note/src/main.c",  line = 622}
2024-08-26 12:10:24,384 [DEBUG] lua/nvimgdb/win.lua:116: 	{ "Win:_with_saved_mode",  func = <function 1>}
2024-08-26 12:10:24,384 [DEBUG] lua/nvimgdb/win.lua:126: 	{ "Win:_ensure_jump_window" }
2024-08-26 12:10:24,384 [DEBUG] lua/nvimgdb/win.lua:73: 	{ "Win:_has_jump_win" }
2024-08-26 12:10:24,384 [DEBUG] lua/nvimgdb/client.lua:180: 	{ "Client:get_buf" }
2024-08-26 12:10:24,384 [DEBUG] lua/nvimgdb/win.lua:99: 	{ "Win:_with_saved_win",  dispatch_keymaps = false,  func = <function 1>}
2024-08-26 12:10:24,384 [DEBUG] lua/nvimgdb/keymaps.lua:24: 	{ "Keymaps:set_dispatch_active",  state = false}
2024-08-26 12:10:24,384 [DEBUG] lua/nvimgdb/cursor.lua:64: 	{ "Cursor:set",  buf = 3,  line = 622}
2024-08-26 12:10:24,384 [DEBUG] lua/nvimgdb/cursor.lua:38: 	{ "Cursor:show" }
2024-08-26 12:10:24,384 [DEBUG] lua/nvimgdb/config.lua:190: 	{ "Config:get",  key = "sign_breakpoint_priority"}
2024-08-26 12:10:24,384 [DEBUG] lua/nvimgdb/config.lua:199: 	{ "Config:get_or",  key = "set_scroll_off",  val = 1}
2024-08-26 12:10:24,384 [DEBUG] lua/nvimgdb/config.lua:190: 	{ "Config:get",  key = "set_scroll_off"}
2024-08-26 12:10:24,384 [DEBUG] lua/nvimgdb/win.lua:142: 	{ "Win:_adjust_jump_win_view",  line = 622,  scroll_off = 20}
2024-08-26 12:10:24,385 [DEBUG] lua/nvimgdb/app.lua:358: 	{ "App:on_buf_leave" }
2024-08-26 12:10:24,385 [DEBUG] lua/nvimgdb/win.lua:86: 	{ "Win:is_jump_window_active" }
2024-08-26 12:10:24,385 [DEBUG] lua/nvimgdb/win.lua:73: 	{ "Win:_has_jump_win" }
2024-08-26 12:10:24,385 [DEBUG] lua/nvimgdb/keymaps.lua:111: 	{ "Keymaps:dispatch_unset" }
2024-08-26 12:10:24,385 [DEBUG] lua/nvimgdb/keymaps.lua:97: 	{ "Keymaps:_dispatch",  key = "unset_keymaps"}
2024-08-26 12:10:24,385 [DEBUG] lua/nvimgdb/app.lua:345: 	{ "App:on_buf_enter" }
2024-08-26 12:10:24,385 [DEBUG] lua/nvimgdb/keymaps.lua:24: 	{ "Keymaps:set_dispatch_active",  state = true}
2024-08-26 12:10:24,386 [DEBUG] lua/nvimgdb/parser_actions.lua:43: 	{ "ParserActions:query_breakpoints" }
2024-08-26 12:10:24,386 [DEBUG] lua/nvimgdb/win.lua:275: 	{ "Win:query_breakpoints" }
2024-08-26 12:10:24,386 [DEBUG] lua/nvimgdb/win.lua:73: 	{ "Win:_has_jump_win" }
2024-08-26 12:10:24,386 [INFO] lua/nvimgdb/breakpoint.lua:81: 	{ "Breakpoint:query(",  buf_num = 3,  fname = "/home/rolf/Dropbox/work/rolfworld/programming/projects/neo_note/src/main.c"}
2024-08-26 12:10:24,386 [INFO] lua/nvimgdb/backend/gdb.lua:69: 	"Query breakpoints for /home/rolf/Dropbox/work/rolfworld/programming/projects/neo_note/src/main.c"
2024-08-26 12:10:24,386 [INFO] lua/nvimgdb/proxy.lua:107: 	{ "Proxy:query",  request = "info-breakpoints /home/rolf/Dropbox/work/rolfworld/programming/projects/neo_note/src/main.c"}
2024-08-26 12:10:24,386 [DEBUG] lua/nvimgdb/proxy.lua:75: 	{ "function Proxy:_ensure_connected()" }
2024-08-26 12:10:24,387 [DEBUG] lua/nvimgdb/breakpoint.lua:36: 	{ "Breakpoint:clear_signs" }
2024-08-26 12:10:24,387 [DEBUG] lua/nvimgdb/breakpoint.lua:47: 	{ "Breakpoint:_set_signs",  buf = 3}
2024-08-26 12:10:24,388 [DEBUG] lua/nvimgdb/config.lua:190: 	{ "Config:get",  key = "sign_breakpoint_priority"}
2024-08-26 12:10:24,388 [DEBUG] lua/nvimgdb/config.lua:190: 	{ "Config:get",  key = "sign_breakpoint"}
2024-08-26 12:10:28,898 [DEBUG] lua/nvimgdb/app.lua:358: 	{ "App:on_buf_leave" }
2024-08-26 12:10:28,898 [DEBUG] lua/nvimgdb/config.lua:199: 	{ "Config:get_or",  key = "jump_bottom_gdb_buf",  val = false}
2024-08-26 12:10:28,898 [DEBUG] lua/nvimgdb/config.lua:190: 	{ "Config:get",  key = "jump_bottom_gdb_buf"}
2024-08-26 12:10:28,899 [DEBUG] lua/nvimgdb/app.lua:345: 	{ "App:on_buf_enter" }
2024-08-26 12:10:28,899 [DEBUG] lua/nvimgdb/win.lua:86: 	{ "Win:is_jump_window_active" }
2024-08-26 12:10:28,899 [DEBUG] lua/nvimgdb/win.lua:73: 	{ "Win:_has_jump_win" }
2024-08-26 12:10:28,899 [DEBUG] lua/nvimgdb/keymaps.lua:105: 	{ "Keymaps:dispatch_set" }
2024-08-26 12:10:28,900 [DEBUG] lua/nvimgdb/keymaps.lua:97: 	{ "Keymaps:_dispatch",  key = "set_keymaps"}
2024-08-26 12:10:28,900 [DEBUG] lua/nvimgdb/config.lua:199: 	{ "Config:get_or",  key = "set_keymaps",  val = <function 1>}
2024-08-26 12:10:28,900 [DEBUG] lua/nvimgdb/config.lua:190: 	{ "Config:get",  key = "set_keymaps"}
2024-08-26 12:10:28,900 [DEBUG] lua/nvimgdb/keymaps.lua:44: 	{ "Keymaps:set" }
2024-08-26 12:10:28,900 [DEBUG] lua/nvimgdb/config.lua:190: 	{ "Config:get",  key = "key_until"}
2024-08-26 12:10:28,900 [DEBUG] lua/nvimgdb/config.lua:190: 	{ "Config:get",  key = "key_continue"}
2024-08-26 12:10:28,900 [DEBUG] lua/nvimgdb/config.lua:190: 	{ "Config:get",  key = "key_next"}
2024-08-26 12:10:28,900 [DEBUG] lua/nvimgdb/config.lua:190: 	{ "Config:get",  key = "key_step"}
2024-08-26 12:10:28,900 [DEBUG] lua/nvimgdb/config.lua:190: 	{ "Config:get",  key = "key_finish"}
2024-08-26 12:10:28,900 [DEBUG] lua/nvimgdb/config.lua:190: 	{ "Config:get",  key = "key_breakpoint"}
2024-08-26 12:10:28,900 [DEBUG] lua/nvimgdb/config.lua:190: 	{ "Config:get",  key = "key_frameup"}
2024-08-26 12:10:28,900 [DEBUG] lua/nvimgdb/config.lua:190: 	{ "Config:get",  key = "key_framedown"}
2024-08-26 12:10:28,900 [DEBUG] lua/nvimgdb/config.lua:190: 	{ "Config:get",  key = "key_eval"}
2024-08-26 12:10:28,900 [DEBUG] lua/nvimgdb/config.lua:190: 	{ "Config:get",  key = "key_eval"}
2024-08-26 12:10:28,900 [DEBUG] lua/nvimgdb/config.lua:190: 	{ "Config:get",  key = "key_quit"}
2024-08-26 12:10:28,900 [DEBUG] lua/nvimgdb/win.lua:275: 	{ "Win:query_breakpoints" }
2024-08-26 12:10:28,900 [DEBUG] lua/nvimgdb/win.lua:73: 	{ "Win:_has_jump_win" }
2024-08-26 12:10:28,900 [INFO] lua/nvimgdb/breakpoint.lua:81: 	{ "Breakpoint:query(",  buf_num = 3,  fname = "/home/rolf/Dropbox/work/rolfworld/programming/projects/neo_note/src/main.c"}
2024-08-26 12:10:28,900 [INFO] lua/nvimgdb/backend/gdb.lua:69: 	"Query breakpoints for /home/rolf/Dropbox/work/rolfworld/programming/projects/neo_note/src/main.c"
2024-08-26 12:10:28,900 [INFO] lua/nvimgdb/proxy.lua:107: 	{ "Proxy:query",  request = "info-breakpoints /home/rolf/Dropbox/work/rolfworld/programming/projects/neo_note/src/main.c"}
2024-08-26 12:10:28,900 [DEBUG] lua/nvimgdb/proxy.lua:75: 	{ "function Proxy:_ensure_connected()" }
2024-08-26 12:10:28,901 [DEBUG] lua/nvimgdb/breakpoint.lua:36: 	{ "Breakpoint:clear_signs" }
2024-08-26 12:10:28,901 [DEBUG] lua/nvimgdb/breakpoint.lua:47: 	{ "Breakpoint:_set_signs",  buf = 3}
2024-08-26 12:10:28,901 [DEBUG] lua/nvimgdb/config.lua:190: 	{ "Config:get",  key = "sign_breakpoint_priority"}
2024-08-26 12:10:28,901 [DEBUG] lua/nvimgdb/config.lua:190: 	{ "Config:get",  key = "sign_breakpoint"}
2024-08-26 12:10:29,110 [DEBUG] lua/nvimgdb/app.lua:358: 	{ "App:on_buf_leave" }
2024-08-26 12:10:29,110 [DEBUG] lua/nvimgdb/win.lua:86: 	{ "Win:is_jump_window_active" }
2024-08-26 12:10:29,110 [DEBUG] lua/nvimgdb/win.lua:73: 	{ "Win:_has_jump_win" }
2024-08-26 12:10:29,110 [DEBUG] lua/nvimgdb/keymaps.lua:111: 	{ "Keymaps:dispatch_unset" }
2024-08-26 12:10:29,110 [DEBUG] lua/nvimgdb/keymaps.lua:97: 	{ "Keymaps:_dispatch",  key = "unset_keymaps"}
2024-08-26 12:10:29,110 [DEBUG] lua/nvimgdb/config.lua:199: 	{ "Config:get_or",  key = "unset_keymaps",  val = <function 1>}
2024-08-26 12:10:29,110 [DEBUG] lua/nvimgdb/config.lua:190: 	{ "Config:get",  key = "unset_keymaps"}
2024-08-26 12:10:29,110 [DEBUG] lua/nvimgdb/keymaps.lua:62: 	{ "Keymaps:unset" }
2024-08-26 12:10:29,110 [DEBUG] lua/nvimgdb/config.lua:190: 	{ "Config:get",  key = "key_until"}
2024-08-26 12:10:29,110 [DEBUG] lua/nvimgdb/config.lua:190: 	{ "Config:get",  key = "key_continue"}
2024-08-26 12:10:29,110 [DEBUG] lua/nvimgdb/config.lua:190: 	{ "Config:get",  key = "key_next"}
2024-08-26 12:10:29,110 [DEBUG] lua/nvimgdb/config.lua:190: 	{ "Config:get",  key = "key_step"}
2024-08-26 12:10:29,110 [DEBUG] lua/nvimgdb/config.lua:190: 	{ "Config:get",  key = "key_finish"}
2024-08-26 12:10:29,110 [DEBUG] lua/nvimgdb/config.lua:190: 	{ "Config:get",  key = "key_breakpoint"}
2024-08-26 12:10:29,110 [DEBUG] lua/nvimgdb/config.lua:190: 	{ "Config:get",  key = "key_frameup"}
2024-08-26 12:10:29,110 [DEBUG] lua/nvimgdb/config.lua:190: 	{ "Config:get",  key = "key_framedown"}
2024-08-26 12:10:29,110 [DEBUG] lua/nvimgdb/config.lua:190: 	{ "Config:get",  key = "key_eval"}
2024-08-26 12:10:29,110 [DEBUG] lua/nvimgdb/config.lua:190: 	{ "Config:get",  key = "key_eval"}
2024-08-26 12:10:29,110 [DEBUG] lua/nvimgdb/config.lua:190: 	{ "Config:get",  key = "key_quit"}
2024-08-26 12:10:29,111 [DEBUG] lua/nvimgdb/app.lua:345: 	{ "App:on_buf_enter" }
2024-08-26 12:10:34,496 [DEBUG] lua/nvimgdb/app.lua:236: 	{ "App:create_watch",  cmd = "info local",  mods = ""}
2024-08-26 12:10:34,496 [DEBUG] lua/nvimgdb/app.lua:358: 	{ "App:on_buf_leave" }
2024-08-26 12:10:34,496 [DEBUG] lua/nvimgdb/config.lua:199: 	{ "Config:get_or",  key = "jump_bottom_gdb_buf",  val = false}
2024-08-26 12:10:34,496 [DEBUG] lua/nvimgdb/config.lua:190: 	{ "Config:get",  key = "jump_bottom_gdb_buf"}
2024-08-26 12:10:34,501 [DEBUG] lua/nvimgdb/app.lua:345: 	{ "App:on_buf_enter" }
2024-08-26 12:10:34,501 [DEBUG] lua/nvimgdb/win.lua:86: 	{ "Win:is_jump_window_active" }
2024-08-26 12:10:34,501 [DEBUG] lua/nvimgdb/win.lua:73: 	{ "Win:_has_jump_win" }
2024-08-26 12:10:34,502 [DEBUG] lua/nvimgdb/keymaps.lua:105: 	{ "Keymaps:dispatch_set" }
2024-08-26 12:10:34,502 [DEBUG] lua/nvimgdb/keymaps.lua:97: 	{ "Keymaps:_dispatch",  key = "set_keymaps"}
2024-08-26 12:10:34,502 [DEBUG] lua/nvimgdb/config.lua:199: 	{ "Config:get_or",  key = "set_keymaps",  val = <function 1>}
2024-08-26 12:10:34,502 [DEBUG] lua/nvimgdb/config.lua:190: 	{ "Config:get",  key = "set_keymaps"}
2024-08-26 12:10:34,502 [DEBUG] lua/nvimgdb/keymaps.lua:44: 	{ "Keymaps:set" }
2024-08-26 12:10:34,502 [DEBUG] lua/nvimgdb/config.lua:190: 	{ "Config:get",  key = "key_until"}
2024-08-26 12:10:34,502 [DEBUG] lua/nvimgdb/config.lua:190: 	{ "Config:get",  key = "key_continue"}
2024-08-26 12:10:34,502 [DEBUG] lua/nvimgdb/config.lua:190: 	{ "Config:get",  key = "key_next"}
2024-08-26 12:10:34,502 [DEBUG] lua/nvimgdb/config.lua:190: 	{ "Config:get",  key = "key_step"}
2024-08-26 12:10:34,502 [DEBUG] lua/nvimgdb/config.lua:190: 	{ "Config:get",  key = "key_finish"}
2024-08-26 12:10:34,502 [DEBUG] lua/nvimgdb/config.lua:190: 	{ "Config:get",  key = "key_breakpoint"}
2024-08-26 12:10:34,502 [DEBUG] lua/nvimgdb/config.lua:190: 	{ "Config:get",  key = "key_frameup"}
2024-08-26 12:10:34,502 [DEBUG] lua/nvimgdb/config.lua:190: 	{ "Config:get",  key = "key_framedown"}
2024-08-26 12:10:34,502 [DEBUG] lua/nvimgdb/config.lua:190: 	{ "Config:get",  key = "key_eval"}
2024-08-26 12:10:34,502 [DEBUG] lua/nvimgdb/config.lua:190: 	{ "Config:get",  key = "key_eval"}
2024-08-26 12:10:34,502 [DEBUG] lua/nvimgdb/config.lua:190: 	{ "Config:get",  key = "key_quit"}
2024-08-26 12:10:34,504 [DEBUG] lua/nvimgdb/parser_impl.lua:134: 	{ "ParserImpl:feed",  line = { "\r\27[K\r(gdb) " }}
2024-08-26 12:10:34,504 [DEBUG] lua/nvimgdb/parser_impl.lua:147: 	{ "buffer", "\r\r(gdb) " }
2024-08-26 12:10:34,505 [DEBUG] lua/nvimgdb/parser_impl.lua:156: 	{ "ParserImpl:_delay_parsing",  byte_count = 634,  delay_ms = 50}
2024-08-26 12:10:34,555 [DEBUG] lua/nvimgdb/parser_impl.lua:202: 	{ "ParserImpl:delay_elapsed",  byte_count = 634}
2024-08-26 12:10:34,555 [DEBUG] lua/nvimgdb/parser_impl.lua:173: 	{ "ParserImpl:_search",  ignore_tail_bytes = 0}
2024-08-26 12:10:34,555 [DEBUG] lua/nvimgdb/parser_impl.lua:77: 	{ "ParserImpl:_get_state_name" }
2024-08-26 12:10:34,555 [DEBUG] lua/nvimgdb/parser_impl.lua:190: 	"prev state: paused"
2024-08-26 12:10:34,555 [DEBUG] lua/nvimgdb/backend/gdb.lua:33: 	{ "P:query_paused" }
2024-08-26 12:10:34,555 [INFO] lua/nvimgdb/proxy.lua:107: 	{ "Proxy:query",  request = "get-process-state"}
2024-08-26 12:10:34,555 [DEBUG] lua/nvimgdb/proxy.lua:75: 	{ "function Proxy:_ensure_connected()" }
2024-08-26 12:10:34,555 [DEBUG] lua/nvimgdb/parser_impl.lua:77: 	{ "ParserImpl:_get_state_name" }
2024-08-26 12:10:34,555 [INFO] lua/nvimgdb/parser_impl.lua:192: 	"new state: paused"
2024-08-26 12:10:34,555 [DEBUG] lua/nvimgdb/parser_impl.lua:173: 	{ "ParserImpl:_search",  ignore_tail_bytes = 0}
2024-08-26 12:10:34,556 [DEBUG] lua/nvimgdb/backend/gdb.lua:36: 	{ "process state", "stopped" }
2024-08-26 12:10:34,556 [INFO] lua/nvimgdb/proxy.lua:107: 	{ "Proxy:query",  request = "get-current-frame-location"}
2024-08-26 12:10:34,556 [DEBUG] lua/nvimgdb/proxy.lua:75: 	{ "function Proxy:_ensure_connected()" }
2024-08-26 12:10:34,556 [DEBUG] lua/nvimgdb/backend/gdb.lua:39: 	{ "current frame location", { "/home/rolf/Dropbox/work/rolfworld/programming/projects/neo_note/src/main.c", 622 } }
2024-08-26 12:10:34,556 [DEBUG] lua/nvimgdb/parser_actions.lua:35: 	{ "ParserActions:jump_to_source",  fname = "/home/rolf/Dropbox/work/rolfworld/programming/projects/neo_note/src/main.c",  line = 622}
2024-08-26 12:10:34,556 [INFO] lua/nvimgdb/win.lua:184: 	{ "Win:jump",  file = "/home/rolf/Dropbox/work/rolfworld/programming/projects/neo_note/src/main.c",  line = 622}
2024-08-26 12:10:34,557 [DEBUG] lua/nvimgdb/win.lua:116: 	{ "Win:_with_saved_mode",  func = <function 1>}
2024-08-26 12:10:34,557 [DEBUG] lua/nvimgdb/win.lua:126: 	{ "Win:_ensure_jump_window" }
2024-08-26 12:10:34,557 [DEBUG] lua/nvimgdb/win.lua:73: 	{ "Win:_has_jump_win" }
2024-08-26 12:10:34,557 [DEBUG] lua/nvimgdb/client.lua:180: 	{ "Client:get_buf" }
2024-08-26 12:10:34,557 [DEBUG] lua/nvimgdb/win.lua:99: 	{ "Win:_with_saved_win",  dispatch_keymaps = false,  func = <function 1>}
2024-08-26 12:10:34,557 [DEBUG] lua/nvimgdb/keymaps.lua:24: 	{ "Keymaps:set_dispatch_active",  state = false}
2024-08-26 12:10:34,557 [DEBUG] lua/nvimgdb/cursor.lua:64: 	{ "Cursor:set",  buf = 3,  line = 622}
2024-08-26 12:10:34,557 [DEBUG] lua/nvimgdb/cursor.lua:38: 	{ "Cursor:show" }
2024-08-26 12:10:34,557 [DEBUG] lua/nvimgdb/config.lua:190: 	{ "Config:get",  key = "sign_breakpoint_priority"}
2024-08-26 12:10:34,557 [DEBUG] lua/nvimgdb/config.lua:199: 	{ "Config:get_or",  key = "set_scroll_off",  val = 1}
2024-08-26 12:10:34,557 [DEBUG] lua/nvimgdb/config.lua:190: 	{ "Config:get",  key = "set_scroll_off"}
2024-08-26 12:10:34,557 [DEBUG] lua/nvimgdb/win.lua:142: 	{ "Win:_adjust_jump_win_view",  line = 622,  scroll_off = 20}
2024-08-26 12:10:34,557 [DEBUG] lua/nvimgdb/app.lua:358: 	{ "App:on_buf_leave" }
2024-08-26 12:10:34,557 [DEBUG] lua/nvimgdb/win.lua:86: 	{ "Win:is_jump_window_active" }
2024-08-26 12:10:34,557 [DEBUG] lua/nvimgdb/win.lua:73: 	{ "Win:_has_jump_win" }
2024-08-26 12:10:34,557 [DEBUG] lua/nvimgdb/keymaps.lua:111: 	{ "Keymaps:dispatch_unset" }
2024-08-26 12:10:34,557 [DEBUG] lua/nvimgdb/keymaps.lua:97: 	{ "Keymaps:_dispatch",  key = "unset_keymaps"}
2024-08-26 12:10:34,558 [DEBUG] lua/nvimgdb/app.lua:345: 	{ "App:on_buf_enter" }
2024-08-26 12:10:34,558 [DEBUG] lua/nvimgdb/win.lua:86: 	{ "Win:is_jump_window_active" }
2024-08-26 12:10:34,558 [DEBUG] lua/nvimgdb/win.lua:73: 	{ "Win:_has_jump_win" }
2024-08-26 12:10:34,558 [DEBUG] lua/nvimgdb/keymaps.lua:24: 	{ "Keymaps:set_dispatch_active",  state = true}
2024-08-26 12:10:34,559 [DEBUG] lua/nvimgdb/parser_actions.lua:43: 	{ "ParserActions:query_breakpoints" }
2024-08-26 12:10:34,559 [DEBUG] lua/nvimgdb/win.lua:275: 	{ "Win:query_breakpoints" }
2024-08-26 12:10:34,559 [DEBUG] lua/nvimgdb/win.lua:73: 	{ "Win:_has_jump_win" }
2024-08-26 12:10:34,559 [INFO] lua/nvimgdb/breakpoint.lua:81: 	{ "Breakpoint:query(",  buf_num = 3,  fname = "/home/rolf/Dropbox/work/rolfworld/programming/projects/neo_note/src/main.c"}
2024-08-26 12:10:34,559 [INFO] lua/nvimgdb/backend/gdb.lua:69: 	"Query breakpoints for /home/rolf/Dropbox/work/rolfworld/programming/projects/neo_note/src/main.c"
2024-08-26 12:10:34,559 [INFO] lua/nvimgdb/proxy.lua:107: 	{ "Proxy:query",  request = "info-breakpoints /home/rolf/Dropbox/work/rolfworld/programming/projects/neo_note/src/main.c"}
2024-08-26 12:10:34,559 [DEBUG] lua/nvimgdb/proxy.lua:75: 	{ "function Proxy:_ensure_connected()" }
2024-08-26 12:10:34,559 [DEBUG] lua/nvimgdb/breakpoint.lua:36: 	{ "Breakpoint:clear_signs" }
2024-08-26 12:10:34,559 [DEBUG] lua/nvimgdb/breakpoint.lua:47: 	{ "Breakpoint:_set_signs",  buf = 3}
2024-08-26 12:10:34,559 [DEBUG] lua/nvimgdb/config.lua:190: 	{ "Config:get",  key = "sign_breakpoint_priority"}
2024-08-26 12:10:34,559 [DEBUG] lua/nvimgdb/config.lua:190: 	{ "Config:get",  key = "sign_breakpoint"}
2024-08-26 12:10:34,560 [DEBUG] lua/nvimgdb/app.lua:199: 	{ "App:custom_command_async",  cmd = "info local"}
2024-08-26 12:10:34,560 [INFO] lua/nvimgdb/proxy.lua:107: 	{ "Proxy:query",  request = "handle-command info local"}
2024-08-26 12:10:34,560 [DEBUG] lua/nvimgdb/proxy.lua:75: 	{ "function Proxy:_ensure_connected()" }
2024-08-26 12:10:34,560 [DEBUG] lua/nvimgdb/parser_impl.lua:134: 	{ "ParserImpl:feed",  line = { "Recursive internal problem.\r", "\n" }}
2024-08-26 12:10:34,560 [DEBUG] lua/nvimgdb/parser_impl.lua:147: 	{ "buffer", "Recursive internal problem.\r" }
2024-08-26 12:10:34,560 [DEBUG] lua/nvimgdb/parser_impl.lua:147: 	{ "buffer", "Recursive internal problem.\r\n\n" }
2024-08-26 12:10:34,560 [DEBUG] lua/nvimgdb/parser_impl.lua:156: 	{ "ParserImpl:_delay_parsing",  byte_count = 664,  delay_ms = 50}
2024-08-26 12:10:34,566 [DEBUG] lua/nvimgdb/parser_impl.lua:134: 	{ "ParserImpl:feed",  line = { "" }}
2024-08-26 12:10:34,566 [DEBUG] lua/nvimgdb/parser_impl.lua:147: 	{ "buffer", "Recursive internal problem.\r\n\n\n" }
2024-08-26 12:10:34,566 [DEBUG] lua/nvimgdb/parser_impl.lua:156: 	{ "ParserImpl:_delay_parsing",  byte_count = 665,  delay_ms = 50}
2024-08-26 12:10:34,566 [DEBUG] lua/nvimgdb/client.lua:78: 	{ "Client:_cleanup_buf_hidden" }
2024-08-26 12:10:34,610 [DEBUG] lua/nvimgdb/parser_impl.lua:202: 	{ "ParserImpl:delay_elapsed",  byte_count = 664}
2024-08-26 12:10:34,610 [DEBUG] lua/nvimgdb/parser_impl.lua:173: 	{ "ParserImpl:_search",  ignore_tail_bytes = 1}
2024-08-26 12:10:34,616 [DEBUG] lua/nvimgdb/parser_impl.lua:202: 	{ "ParserImpl:delay_elapsed",  byte_count = 665}
2024-08-26 12:10:34,616 [DEBUG] lua/nvimgdb/parser_impl.lua:173: 	{ "ParserImpl:_search",  ignore_tail_bytes = 0}
2024-08-26 12:10:34,616 [DEBUG] lua/nvimgdb/parser_impl.lua:77: 	{ "ParserImpl:_get_state_name" }
2024-08-26 12:10:34,616 [DEBUG] lua/nvimgdb/parser_impl.lua:190: 	"prev state: paused"
2024-08-26 12:10:34,616 [DEBUG] lua/nvimgdb/backend/gdb.lua:33: 	{ "P:query_paused" }
2024-08-26 12:10:34,616 [INFO] lua/nvimgdb/proxy.lua:107: 	{ "Proxy:query",  request = "get-process-state"}
2024-08-26 12:10:34,616 [DEBUG] lua/nvimgdb/proxy.lua:75: 	{ "function Proxy:_ensure_connected()" }
2024-08-26 12:10:34,616 [DEBUG] lua/nvimgdb/parser_impl.lua:77: 	{ "ParserImpl:_get_state_name" }
2024-08-26 12:10:34,616 [INFO] lua/nvimgdb/parser_impl.lua:192: 	"new state: paused"
2024-08-26 12:10:34,616 [DEBUG] lua/nvimgdb/parser_impl.lua:173: 	{ "ParserImpl:_search",  ignore_tail_bytes = 0}
2024-08-26 12:10:35,059 [WARN] lua/nvimgdb/proxy.lua:152: 	{ "Request timed out",  request_id = 7}
2024-08-26 12:10:35,116 [WARN] lua/nvimgdb/proxy.lua:152: 	{ "Request timed out",  request_id = 8}
2024-08-26 12:10:36,064 [DEBUG] lua/nvimgdb/backend/gdb.lua:36: 	{ "process state", {} }
2024-08-26 12:10:36,064 [DEBUG] lua/nvimgdb/parser_actions.lua:43: 	{ "ParserActions:query_breakpoints" }
2024-08-26 12:10:36,064 [DEBUG] lua/nvimgdb/win.lua:275: 	{ "Win:query_breakpoints" }
2024-08-26 12:10:36,064 [DEBUG] lua/nvimgdb/win.lua:73: 	{ "Win:_has_jump_win" }
2024-08-26 12:10:36,064 [INFO] lua/nvimgdb/breakpoint.lua:81: 	{ "Breakpoint:query(",  buf_num = 3,  fname = "/home/rolf/Dropbox/work/rolfworld/programming/projects/neo_note/src/main.c"}
2024-08-26 12:10:36,064 [INFO] lua/nvimgdb/backend/gdb.lua:69: 	"Query breakpoints for /home/rolf/Dropbox/work/rolfworld/programming/projects/neo_note/src/main.c"
2024-08-26 12:10:36,064 [INFO] lua/nvimgdb/proxy.lua:107: 	{ "Proxy:query",  request = "info-breakpoints /home/rolf/Dropbox/work/rolfworld/programming/projects/neo_note/src/main.c"}
2024-08-26 12:10:36,064 [DEBUG] lua/nvimgdb/proxy.lua:75: 	{ "function Proxy:_ensure_connected()" }
2024-08-26 12:10:36,564 [WARN] lua/nvimgdb/proxy.lua:152: 	{ "Request timed out",  request_id = 9}
2024-08-26 12:10:36,564 [DEBUG] lua/nvimgdb/breakpoint.lua:36: 	{ "Breakpoint:clear_signs" }
2024-08-26 12:10:36,565 [DEBUG] lua/nvimgdb/breakpoint.lua:47: 	{ "Breakpoint:_set_signs",  buf = 3}
2024-08-26 12:10:36,565 [DEBUG] lua/nvimgdb/config.lua:190: 	{ "Config:get",  key = "sign_breakpoint_priority"}
2024-08-26 12:10:36,566 [DEBUG] lua/nvimgdb/app.lua:199: 	{ "App:custom_command_async",  cmd = "info local"}
2024-08-26 12:10:36,566 [INFO] lua/nvimgdb/proxy.lua:107: 	{ "Proxy:query",  request = "handle-command info local"}
2024-08-26 12:10:36,566 [DEBUG] lua/nvimgdb/proxy.lua:75: 	{ "function Proxy:_ensure_connected()" }
2024-08-26 12:10:37,064 [WARN] lua/nvimgdb/proxy.lua:152: 	{ "Request timed out",  request_id = 10}
2024-08-26 12:10:38,940 [DEBUG] lua/nvimgdb/app.lua:358: 	{ "App:on_buf_leave" }
2024-08-26 12:10:38,940 [DEBUG] lua/nvimgdb/win.lua:86: 	{ "Win:is_jump_window_active" }
2024-08-26 12:10:38,940 [DEBUG] lua/nvimgdb/win.lua:73: 	{ "Win:_has_jump_win" }
2024-08-26 12:10:38,941 [DEBUG] lua/nvimgdb/app.lua:345: 	{ "App:on_buf_enter" }
2024-08-26 12:10:42,707 [DEBUG] lua/nvimgdb/app.lua:358: 	{ "App:on_buf_leave" }
2024-08-26 12:10:42,707 [DEBUG] lua/nvimgdb/config.lua:199: 	{ "Config:get_or",  key = "jump_bottom_gdb_buf",  val = false}
2024-08-26 12:10:42,707 [DEBUG] lua/nvimgdb/config.lua:190: 	{ "Config:get",  key = "jump_bottom_gdb_buf"}
2024-08-26 12:10:42,709 [DEBUG] lua/nvimgdb/app.lua:345: 	{ "App:on_buf_enter" }
2024-08-26 12:10:42,709 [DEBUG] lua/nvimgdb/win.lua:86: 	{ "Win:is_jump_window_active" }
2024-08-26 12:10:42,709 [DEBUG] lua/nvimgdb/win.lua:73: 	{ "Win:_has_jump_win" }
2024-08-26 12:10:44,140 [DEBUG] lua/nvimgdb/app.lua:358: 	{ "App:on_buf_leave" }
2024-08-26 12:10:44,140 [DEBUG] lua/nvimgdb/win.lua:86: 	{ "Win:is_jump_window_active" }
2024-08-26 12:10:44,140 [DEBUG] lua/nvimgdb/win.lua:73: 	{ "Win:_has_jump_win" }
2024-08-26 12:10:44,145 [DEBUG] lua/nvimgdb/app.lua:345: 	{ "App:on_buf_enter" }
2024-08-26 12:10:44,145 [DEBUG] lua/nvimgdb/win.lua:86: 	{ "Win:is_jump_window_active" }
2024-08-26 12:10:44,145 [DEBUG] lua/nvimgdb/win.lua:73: 	{ "Win:_has_jump_win" }
2024-08-26 12:10:44,145 [DEBUG] lua/nvimgdb/keymaps.lua:105: 	{ "Keymaps:dispatch_set" }
2024-08-26 12:10:44,145 [DEBUG] lua/nvimgdb/keymaps.lua:97: 	{ "Keymaps:_dispatch",  key = "set_keymaps"}
2024-08-26 12:10:44,145 [DEBUG] lua/nvimgdb/config.lua:199: 	{ "Config:get_or",  key = "set_keymaps",  val = <function 1>}
2024-08-26 12:10:44,145 [DEBUG] lua/nvimgdb/config.lua:190: 	{ "Config:get",  key = "set_keymaps"}
2024-08-26 12:10:44,145 [DEBUG] lua/nvimgdb/keymaps.lua:44: 	{ "Keymaps:set" }
2024-08-26 12:10:44,145 [DEBUG] lua/nvimgdb/config.lua:190: 	{ "Config:get",  key = "key_until"}
2024-08-26 12:10:44,145 [DEBUG] lua/nvimgdb/config.lua:190: 	{ "Config:get",  key = "key_continue"}
2024-08-26 12:10:44,145 [DEBUG] lua/nvimgdb/config.lua:190: 	{ "Config:get",  key = "key_next"}
2024-08-26 12:10:44,145 [DEBUG] lua/nvimgdb/config.lua:190: 	{ "Config:get",  key = "key_step"}
2024-08-26 12:10:44,145 [DEBUG] lua/nvimgdb/config.lua:190: 	{ "Config:get",  key = "key_finish"}
2024-08-26 12:10:44,145 [DEBUG] lua/nvimgdb/config.lua:190: 	{ "Config:get",  key = "key_breakpoint"}
2024-08-26 12:10:44,145 [DEBUG] lua/nvimgdb/config.lua:190: 	{ "Config:get",  key = "key_frameup"}
2024-08-26 12:10:44,145 [DEBUG] lua/nvimgdb/config.lua:190: 	{ "Config:get",  key = "key_framedown"}
2024-08-26 12:10:44,145 [DEBUG] lua/nvimgdb/config.lua:190: 	{ "Config:get",  key = "key_eval"}
2024-08-26 12:10:44,145 [DEBUG] lua/nvimgdb/config.lua:190: 	{ "Config:get",  key = "key_eval"}
2024-08-26 12:10:44,146 [DEBUG] lua/nvimgdb/config.lua:190: 	{ "Config:get",  key = "key_quit"}
2024-08-26 12:10:44,146 [DEBUG] lua/nvimgdb/win.lua:275: 	{ "Win:query_breakpoints" }
2024-08-26 12:10:44,146 [DEBUG] lua/nvimgdb/win.lua:73: 	{ "Win:_has_jump_win" }
2024-08-26 12:10:44,146 [INFO] lua/nvimgdb/breakpoint.lua:81: 	{ "Breakpoint:query(",  buf_num = 3,  fname = "/home/rolf/Dropbox/work/rolfworld/programming/projects/neo_note/src/main.c"}
2024-08-26 12:10:44,146 [INFO] lua/nvimgdb/backend/gdb.lua:69: 	"Query breakpoints for /home/rolf/Dropbox/work/rolfworld/programming/projects/neo_note/src/main.c"
2024-08-26 12:10:44,146 [INFO] lua/nvimgdb/proxy.lua:107: 	{ "Proxy:query",  request = "info-breakpoints /home/rolf/Dropbox/work/rolfworld/programming/projects/neo_note/src/main.c"}
2024-08-26 12:10:44,146 [DEBUG] lua/nvimgdb/proxy.lua:75: 	{ "function Proxy:_ensure_connected()" }
2024-08-26 12:10:44,644 [WARN] lua/nvimgdb/proxy.lua:152: 	{ "Request timed out",  request_id = 11}
2024-08-26 12:10:44,644 [DEBUG] lua/nvimgdb/breakpoint.lua:36: 	{ "Breakpoint:clear_signs" }
2024-08-26 12:10:44,644 [DEBUG] lua/nvimgdb/breakpoint.lua:47: 	{ "Breakpoint:_set_signs",  buf = 3}
2024-08-26 12:10:44,644 [DEBUG] lua/nvimgdb/config.lua:190: 	{ "Config:get",  key = "sign_breakpoint_priority"}
2024-08-26 12:10:45,519 [INFO] lua/nvimgdb.lua:145: 	{ "NvimGdb.on_vim_leave_pre" }
2024-08-26 12:10:45,519 [INFO] lua/nvimgdb.lua:104: 	{ "NvimGdb.cleanup",  tab = 1}
2024-08-26 12:10:45,519 [INFO] lua/nvimgdb.lua:282: 	{ "NvimGdb.global_cleanup" }
2024-08-26 12:10:45,519 [DEBUG] lua/nvimgdb/win.lua:53: 	{ "Win:unset_keymaps" }
2024-08-26 12:10:45,519 [DEBUG] lua/nvimgdb/win.lua:73: 	{ "Win:_has_jump_win" }
2024-08-26 12:10:45,519 [DEBUG] lua/nvimgdb/win.lua:99: 	{ "Win:_with_saved_win",  dispatch_keymaps = true,  func = <function 1>}
2024-08-26 12:10:45,519 [DEBUG] lua/nvimgdb/keymaps.lua:111: 	{ "Keymaps:dispatch_unset" }
2024-08-26 12:10:45,519 [DEBUG] lua/nvimgdb/keymaps.lua:97: 	{ "Keymaps:_dispatch",  key = "unset_keymaps"}
2024-08-26 12:10:45,519 [DEBUG] lua/nvimgdb/config.lua:199: 	{ "Config:get_or",  key = "unset_keymaps",  val = <function 1>}
2024-08-26 12:10:45,519 [DEBUG] lua/nvimgdb/config.lua:190: 	{ "Config:get",  key = "unset_keymaps"}
2024-08-26 12:10:45,519 [DEBUG] lua/nvimgdb/keymaps.lua:62: 	{ "Keymaps:unset" }
2024-08-26 12:10:45,519 [DEBUG] lua/nvimgdb/config.lua:190: 	{ "Config:get",  key = "key_until"}
2024-08-26 12:10:45,519 [DEBUG] lua/nvimgdb/config.lua:190: 	{ "Config:get",  key = "key_continue"}
2024-08-26 12:10:45,520 [DEBUG] lua/nvimgdb/config.lua:190: 	{ "Config:get",  key = "key_next"}
2024-08-26 12:10:45,520 [DEBUG] lua/nvimgdb/config.lua:190: 	{ "Config:get",  key = "key_step"}
2024-08-26 12:10:45,520 [DEBUG] lua/nvimgdb/config.lua:190: 	{ "Config:get",  key = "key_finish"}
2024-08-26 12:10:45,520 [DEBUG] lua/nvimgdb/config.lua:190: 	{ "Config:get",  key = "key_breakpoint"}
2024-08-26 12:10:45,520 [DEBUG] lua/nvimgdb/config.lua:190: 	{ "Config:get",  key = "key_frameup"}
2024-08-26 12:10:45,520 [DEBUG] lua/nvimgdb/config.lua:190: 	{ "Config:get",  key = "key_framedown"}
2024-08-26 12:10:45,520 [DEBUG] lua/nvimgdb/config.lua:190: 	{ "Config:get",  key = "key_eval"}
2024-08-26 12:10:45,520 [DEBUG] lua/nvimgdb/config.lua:190: 	{ "Config:get",  key = "key_eval"}
2024-08-26 12:10:45,520 [DEBUG] lua/nvimgdb/config.lua:190: 	{ "Config:get",  key = "key_quit"}
2024-08-26 12:10:45,520 [DEBUG] lua/nvimgdb/app.lua:123: 	{ "App:cleanup",  tab = 1}
2024-08-26 12:10:45,520 [DEBUG] lua/nvimgdb/breakpoint.lua:89: 	{ "Breakpoint:reset_signs" }
2024-08-26 12:10:45,520 [DEBUG] lua/nvimgdb/breakpoint.lua:36: 	{ "Breakpoint:clear_signs" }
2024-08-26 12:10:45,520 [DEBUG] lua/nvimgdb/cursor.lua:29: 	{ "Cursor:hide" }
2024-08-26 12:10:45,520 [DEBUG] lua/nvimgdb/win.lua:64: 	{ "Win:cleanup" }
2024-08-26 12:10:45,520 [DEBUG] lua/nvimgdb/proxy.lua:42: 	{ "Proxy:cleanup" }
2024-08-26 12:10:45,520 [DEBUG] lua/nvimgdb/client.lua:53: 	{ "Client:cleanup" }
